[01-Mar-2018 04:39:00 UTC] PHP Fatal error:  Cannot redeclare checkFields() (previously declared in /home/ubuntu/workspace/Assignments/Homework2/inc/functions.php:6) in /home/ubuntu/workspace/Assignments/Homework2/inc/functions.php on line 6
[01-Mar-2018 04:39:00 UTC] PHP Stack trace:
[01-Mar-2018 04:39:00 UTC] PHP   1. {main}() /home/ubuntu/workspace/Assignments/Homework2/index.php:0
[01-Mar-2018 04:39:00 UTC] PHP   2. include() /home/ubuntu/workspace/Assignments/Homework2/index.php:2
[01-Mar-2018 04:39:18 UTC] PHP Fatal error:  Cannot redeclare checkFields() (previously declared in /home/ubuntu/workspace/Assignments/Homework2/inc/functions.php:6) in /home/ubuntu/workspace/Assignments/Homework2/inc/functions.php on line 6
[01-Mar-2018 04:39:18 UTC] PHP Stack trace:
[01-Mar-2018 04:39:18 UTC] PHP   1. {main}() /home/ubuntu/workspace/Assignments/Homework2/index.php:0
[01-Mar-2018 04:39:18 UTC] PHP   2. include() /home/ubuntu/workspace/Assignments/Homework2/index.php:2
[01-Mar-2018 04:40:48 UTC] PHP Fatal error:  Cannot redeclare checkFields() (previously declared in /home/ubuntu/workspace/Assignments/Homework2/inc/functions.php:3) in /home/ubuntu/workspace/Assignments/Homework2/inc/functions.php on line 3
[01-Mar-2018 04:40:48 UTC] PHP Stack trace:
[01-Mar-2018 04:40:48 UTC] PHP   1. {main}() /home/ubuntu/workspace/Assignments/Homework2/result.php:0
[01-Mar-2018 04:40:48 UTC] PHP   2. include() /home/ubuntu/workspace/Assignments/Homework2/result.php:3
[01-Mar-2018 04:41:11 UTC] PHP Fatal error:  Cannot redeclare checkFields() (previously declared in /home/ubuntu/workspace/Assignments/Homework2/inc/functions.php:3) in /home/ubuntu/workspace/Assignments/Homework2/inc/functions.php on line 3
[01-Mar-2018 04:41:11 UTC] PHP Stack trace:
[01-Mar-2018 04:41:11 UTC] PHP   1. {main}() /home/ubuntu/workspace/Assignments/Homework2/result.php:0
[01-Mar-2018 04:41:11 UTC] PHP   2. include() /home/ubuntu/workspace/Assignments/Homework2/result.php:3
[01-Mar-2018 04:43:18 UTC] PHP Warning:  include(functions.php): failed to open stream: No such file or directory in /home/ubuntu/workspace/Assignments/Homework2/result.php on line 2
[01-Mar-2018 04:43:18 UTC] PHP Stack trace:
[01-Mar-2018 04:43:18 UTC] PHP   1. {main}() /home/ubuntu/workspace/Assignments/Homework2/result.php:0
[01-Mar-2018 04:43:18 UTC] PHP Warning:  include(): Failed opening 'functions.php' for inclusion (include_path='.:/usr/share/php:/usr/share/pear') in /home/ubuntu/workspace/Assignments/Homework2/result.php on line 2
[01-Mar-2018 04:43:18 UTC] PHP Stack trace:
[01-Mar-2018 04:43:18 UTC] PHP   1. {main}() /home/ubuntu/workspace/Assignments/Homework2/result.php:0
[01-Mar-2018 04:43:18 UTC] PHP Fatal error:  Call to undefined function checkfields() in /home/ubuntu/workspace/Assignments/Homework2/result.php on line 3
[01-Mar-2018 04:43:18 UTC] PHP Stack trace:
[01-Mar-2018 04:43:18 UTC] PHP   1. {main}() /home/ubuntu/workspace/Assignments/Homework2/result.php:0
[01-Mar-2018 05:13:02 UTC] PHP Fatal error:  Call to undefined function isempty() in /home/ubuntu/workspace/Assignments/Homework2/inc/functions.php on line 6
[01-Mar-2018 05:13:02 UTC] PHP Stack trace:
[01-Mar-2018 05:13:02 UTC] PHP   1. {main}() /home/ubuntu/workspace/Assignments/Homework2/result.php:0
[01-Mar-2018 05:13:02 UTC] PHP   2. checkFields() /home/ubuntu/workspace/Assignments/Homework2/result.php:3
[01-Mar-2018 05:17:49 UTC] PHP Fatal error:  Call to undefined function isempty() in /home/ubuntu/workspace/Assignments/Homework2/inc/functions.php on line 6
[01-Mar-2018 05:17:49 UTC] PHP Stack trace:
[01-Mar-2018 05:17:49 UTC] PHP   1. {main}() /home/ubuntu/workspace/Assignments/Homework2/index.php:0
[01-Mar-2018 05:17:49 UTC] PHP   2. checkFields() /home/ubuntu/workspace/Assignments/Homework2/index.php:56
[01-Mar-2018 05:18:16 UTC] PHP Fatal error:  Call to undefined function isempty() in /home/ubuntu/workspace/Assignments/Homework2/inc/functions.php on line 6
[01-Mar-2018 05:18:16 UTC] PHP Stack trace:
[01-Mar-2018 05:18:16 UTC] PHP   1. {main}() /home/ubuntu/workspace/Assignments/Homework2/index.php:0
[01-Mar-2018 05:18:16 UTC] PHP   2. checkFields() /home/ubuntu/workspace/Assignments/Homework2/index.php:56
[01-Mar-2018 05:19:33 UTC] PHP Fatal error:  Call to undefined function isempty() in /home/ubuntu/workspace/Assignments/Homework2/inc/functions.php on line 6
[01-Mar-2018 05:19:33 UTC] PHP Stack trace:
[01-Mar-2018 05:19:33 UTC] PHP   1. {main}() /home/ubuntu/workspace/Assignments/Homework2/index.php:0
[01-Mar-2018 05:19:33 UTC] PHP   2. checkFields() /home/ubuntu/workspace/Assignments/Homework2/index.php:56
[01-Mar-2018 05:19:35 UTC] PHP Fatal error:  Call to undefined function isempty() in /home/ubuntu/workspace/Assignments/Homework2/inc/functions.php on line 6
[01-Mar-2018 05:19:35 UTC] PHP Stack trace:
[01-Mar-2018 05:19:35 UTC] PHP   1. {main}() /home/ubuntu/workspace/Assignments/Homework2/index.php:0
[01-Mar-2018 05:19:35 UTC] PHP   2. checkFields() /home/ubuntu/workspace/Assignments/Homework2/index.php:56
[01-Mar-2018 05:20:23 UTC] PHP Fatal error:  Call to undefined function isempty() in /home/ubuntu/workspace/Assignments/Homework2/inc/functions.php on line 7
[01-Mar-2018 05:20:23 UTC] PHP Stack trace:
[01-Mar-2018 05:20:23 UTC] PHP   1. {main}() /home/ubuntu/workspace/Assignments/Homework2/index.php:0
[01-Mar-2018 05:20:23 UTC] PHP   2. checkFields() /home/ubuntu/workspace/Assignments/Homework2/index.php:56
[01-Mar-2018 05:20:45 UTC] PHP Fatal error:  Call to undefined function isempty() in /home/ubuntu/workspace/Assignments/Homework2/inc/functions.php on line 7
[01-Mar-2018 05:20:45 UTC] PHP Stack trace:
[01-Mar-2018 05:20:45 UTC] PHP   1. {main}() /home/ubuntu/workspace/Assignments/Homework2/index.php:0
[01-Mar-2018 05:20:45 UTC] PHP   2. checkFields() /home/ubuntu/workspace/Assignments/Homework2/index.php:56
[01-Mar-2018 05:20:48 UTC] PHP Fatal error:  Call to undefined function isempty() in /home/ubuntu/workspace/Assignments/Homework2/inc/functions.php on line 7
[01-Mar-2018 05:20:48 UTC] PHP Stack trace:
[01-Mar-2018 05:20:48 UTC] PHP   1. {main}() /home/ubuntu/workspace/Assignments/Homework2/index.php:0
[01-Mar-2018 05:20:48 UTC] PHP   2. checkFields() /home/ubuntu/workspace/Assignments/Homework2/index.php:56
[01-Mar-2018 05:22:45 UTC] PHP Fatal error:  Call to undefined function isempty() in /home/ubuntu/workspace/Assignments/Homework2/inc/functions.php on line 13
[01-Mar-2018 05:22:45 UTC] PHP Stack trace:
[01-Mar-2018 05:22:45 UTC] PHP   1. {main}() /home/ubuntu/workspace/Assignments/Homework2/index.php:0
[01-Mar-2018 05:22:45 UTC] PHP   2. checkFields() /home/ubuntu/workspace/Assignments/Homework2/index.php:56
[01-Mar-2018 05:22:52 UTC] PHP Fatal error:  Call to undefined function isempty() in /home/ubuntu/workspace/Assignments/Homework2/inc/functions.php on line 13
[01-Mar-2018 05:22:52 UTC] PHP Stack trace:
[01-Mar-2018 05:22:52 UTC] PHP   1. {main}() /home/ubuntu/workspace/Assignments/Homework2/index.php:0
[01-Mar-2018 05:22:52 UTC] PHP   2. checkFields() /home/ubuntu/workspace/Assignments/Homework2/index.php:56
[01-Mar-2018 05:23:00 UTC] PHP Fatal error:  Call to undefined function isempty() in /home/ubuntu/workspace/Assignments/Homework2/inc/functions.php on line 13
[01-Mar-2018 05:23:00 UTC] PHP Stack trace:
[01-Mar-2018 05:23:00 UTC] PHP   1. {main}() /home/ubuntu/workspace/Assignments/Homework2/index.php:0
[01-Mar-2018 05:23:00 UTC] PHP   2. checkFields() /home/ubuntu/workspace/Assignments/Homework2/index.php:56
