[04-Apr-2018 01:37:27 UTC] PHP Notice:  Undefined variable: url in /home/ubuntu/workspace/Labs/TechCheckout/inc/DBConnection.php on line 5
[04-Apr-2018 01:37:27 UTC] PHP Notice:  Use of undefined constant name - assumed 'name' in /home/ubuntu/workspace/Labs/TechCheckout/index.php on line 22
[04-Apr-2018 01:37:27 UTC] PHP Notice:  Undefined variable: order in /home/ubuntu/workspace/Labs/TechCheckout/index.php on line 22
[04-Apr-2018 01:37:27 UTC] PHP Notice:  Use of undefined constant price - assumed 'price' in /home/ubuntu/workspace/Labs/TechCheckout/index.php on line 26
[04-Apr-2018 01:37:27 UTC] PHP Notice:  Undefined variable: order in /home/ubuntu/workspace/Labs/TechCheckout/index.php on line 26
[04-Apr-2018 01:39:33 UTC] PHP Notice:  Undefined variable: url in /home/ubuntu/workspace/Labs/TechCheckout/inc/DBConnection.php on line 5
[04-Apr-2018 01:39:33 UTC] PHP Notice:  Use of undefined constant name - assumed 'name' in /home/ubuntu/workspace/Labs/TechCheckout/index.php on line 22
[04-Apr-2018 01:39:33 UTC] PHP Notice:  Undefined variable: order in /home/ubuntu/workspace/Labs/TechCheckout/index.php on line 22
[04-Apr-2018 01:39:33 UTC] PHP Notice:  Use of undefined constant price - assumed 'price' in /home/ubuntu/workspace/Labs/TechCheckout/index.php on line 26
[04-Apr-2018 01:39:33 UTC] PHP Notice:  Undefined variable: order in /home/ubuntu/workspace/Labs/TechCheckout/index.php on line 26
[04-Apr-2018 01:39:47 UTC] PHP Notice:  Undefined variable: url in /home/ubuntu/workspace/Labs/TechCheckout/inc/DBConnection.php on line 5
[04-Apr-2018 01:39:48 UTC] PHP Notice:  Use of undefined constant name - assumed 'name' in /home/ubuntu/workspace/Labs/TechCheckout/index.php on line 22
[04-Apr-2018 01:39:48 UTC] PHP Notice:  Use of undefined constant price - assumed 'price' in /home/ubuntu/workspace/Labs/TechCheckout/index.php on line 26
[04-Apr-2018 01:39:48 UTC] PHP Fatal error:  Uncaught PDOException: SQLSTATE[42S22]: Column not found: 1054 Unknown column 'name' in 'order clause' in /home/ubuntu/workspace/Labs/TechCheckout/index.php:34
Stack trace:
#0 /home/ubuntu/workspace/Labs/TechCheckout/index.php(34): PDOStatement->execute(Array)
#1 {main}
  thrown in /home/ubuntu/workspace/Labs/TechCheckout/index.php on line 34
[04-Apr-2018 01:39:52 UTC] PHP Notice:  Undefined variable: url in /home/ubuntu/workspace/Labs/TechCheckout/inc/DBConnection.php on line 5
[04-Apr-2018 01:39:52 UTC] PHP Notice:  Use of undefined constant name - assumed 'name' in /home/ubuntu/workspace/Labs/TechCheckout/index.php on line 22
[04-Apr-2018 01:39:52 UTC] PHP Notice:  Undefined variable: order in /home/ubuntu/workspace/Labs/TechCheckout/index.php on line 22
[04-Apr-2018 01:39:52 UTC] PHP Notice:  Use of undefined constant price - assumed 'price' in /home/ubuntu/workspace/Labs/TechCheckout/index.php on line 26
[04-Apr-2018 01:39:52 UTC] PHP Notice:  Undefined variable: order in /home/ubuntu/workspace/Labs/TechCheckout/index.php on line 26
[04-Apr-2018 01:39:55 UTC] PHP Notice:  Undefined index: sort in /home/ubuntu/workspace/Labs/TechCheckout/index.php on line 7
[04-Apr-2018 01:39:55 UTC] PHP Notice:  Undefined variable: url in /home/ubuntu/workspace/Labs/TechCheckout/inc/DBConnection.php on line 5
[04-Apr-2018 01:39:55 UTC] PHP Notice:  Use of undefined constant name - assumed 'name' in /home/ubuntu/workspace/Labs/TechCheckout/index.php on line 22
[04-Apr-2018 01:39:55 UTC] PHP Notice:  Use of undefined constant price - assumed 'price' in /home/ubuntu/workspace/Labs/TechCheckout/index.php on line 26
[04-Apr-2018 01:40:00 UTC] PHP Notice:  Undefined variable: url in /home/ubuntu/workspace/Labs/TechCheckout/inc/DBConnection.php on line 5
[04-Apr-2018 01:40:00 UTC] PHP Notice:  Use of undefined constant name - assumed 'name' in /home/ubuntu/workspace/Labs/TechCheckout/index.php on line 22
[04-Apr-2018 01:40:00 UTC] PHP Notice:  Use of undefined constant price - assumed 'price' in /home/ubuntu/workspace/Labs/TechCheckout/index.php on line 26
[04-Apr-2018 01:40:00 UTC] PHP Fatal error:  Uncaught PDOException: SQLSTATE[42S22]: Column not found: 1054 Unknown column 'name' in 'order clause' in /home/ubuntu/workspace/Labs/TechCheckout/index.php:34
Stack trace:
#0 /home/ubuntu/workspace/Labs/TechCheckout/index.php(34): PDOStatement->execute(Array)
#1 {main}
  thrown in /home/ubuntu/workspace/Labs/TechCheckout/index.php on line 34
[04-Apr-2018 01:40:05 UTC] PHP Notice:  Undefined variable: url in /home/ubuntu/workspace/Labs/TechCheckout/inc/DBConnection.php on line 5
[04-Apr-2018 01:40:05 UTC] PHP Notice:  Use of undefined constant name - assumed 'name' in /home/ubuntu/workspace/Labs/TechCheckout/index.php on line 22
[04-Apr-2018 01:40:05 UTC] PHP Notice:  Use of undefined constant price - assumed 'price' in /home/ubuntu/workspace/Labs/TechCheckout/index.php on line 26
[04-Apr-2018 01:40:05 UTC] PHP Fatal error:  Uncaught PDOException: SQLSTATE[42S22]: Column not found: 1054 Unknown column 'name' in 'order clause' in /home/ubuntu/workspace/Labs/TechCheckout/index.php:34
Stack trace:
#0 /home/ubuntu/workspace/Labs/TechCheckout/index.php(34): PDOStatement->execute(Array)
#1 {main}
  thrown in /home/ubuntu/workspace/Labs/TechCheckout/index.php on line 34
[04-Apr-2018 01:40:16 UTC] PHP Notice:  Undefined variable: url in /home/ubuntu/workspace/Labs/TechCheckout/inc/DBConnection.php on line 5
[04-Apr-2018 01:40:16 UTC] PHP Notice:  Use of undefined constant name - assumed 'name' in /home/ubuntu/workspace/Labs/TechCheckout/index.php on line 22
[04-Apr-2018 01:40:16 UTC] PHP Notice:  Undefined variable: order in /home/ubuntu/workspace/Labs/TechCheckout/index.php on line 22
[04-Apr-2018 01:40:16 UTC] PHP Notice:  Use of undefined constant price - assumed 'price' in /home/ubuntu/workspace/Labs/TechCheckout/index.php on line 26
[04-Apr-2018 01:40:16 UTC] PHP Notice:  Undefined variable: order in /home/ubuntu/workspace/Labs/TechCheckout/index.php on line 26
[04-Apr-2018 01:40:24 UTC] PHP Notice:  Undefined index: sort in /home/ubuntu/workspace/Labs/TechCheckout/index.php on line 7
[04-Apr-2018 01:40:24 UTC] PHP Notice:  Undefined variable: url in /home/ubuntu/workspace/Labs/TechCheckout/inc/DBConnection.php on line 5
[04-Apr-2018 01:40:24 UTC] PHP Notice:  Use of undefined constant name - assumed 'name' in /home/ubuntu/workspace/Labs/TechCheckout/index.php on line 22
[04-Apr-2018 01:40:24 UTC] PHP Notice:  Use of undefined constant price - assumed 'price' in /home/ubuntu/workspace/Labs/TechCheckout/index.php on line 26
[04-Apr-2018 01:40:34 UTC] PHP Notice:  Undefined variable: url in /home/ubuntu/workspace/Labs/TechCheckout/inc/DBConnection.php on line 5
[04-Apr-2018 01:40:34 UTC] PHP Notice:  Use of undefined constant name - assumed 'name' in /home/ubuntu/workspace/Labs/TechCheckout/index.php on line 22
[04-Apr-2018 01:40:34 UTC] PHP Notice:  Use of undefined constant price - assumed 'price' in /home/ubuntu/workspace/Labs/TechCheckout/index.php on line 26
[04-Apr-2018 01:40:34 UTC] PHP Fatal error:  Uncaught PDOException: SQLSTATE[42S22]: Column not found: 1054 Unknown column 'name' in 'order clause' in /home/ubuntu/workspace/Labs/TechCheckout/index.php:34
Stack trace:
#0 /home/ubuntu/workspace/Labs/TechCheckout/index.php(34): PDOStatement->execute(Array)
#1 {main}
  thrown in /home/ubuntu/workspace/Labs/TechCheckout/index.php on line 34
[04-Apr-2018 01:42:16 UTC] PHP Notice:  Undefined variable: url in /home/ubuntu/workspace/Labs/TechCheckout/inc/DBConnection.php on line 5
[04-Apr-2018 01:42:16 UTC] PHP Notice:  Use of undefined constant name - assumed 'name' in /home/ubuntu/workspace/Labs/TechCheckout/index.php on line 19
[04-Apr-2018 01:42:16 UTC] PHP Notice:  Undefined variable: order in /home/ubuntu/workspace/Labs/TechCheckout/index.php on line 19
[04-Apr-2018 01:42:16 UTC] PHP Notice:  Use of undefined constant price - assumed 'price' in /home/ubuntu/workspace/Labs/TechCheckout/index.php on line 23
[04-Apr-2018 01:42:16 UTC] PHP Notice:  Undefined variable: order in /home/ubuntu/workspace/Labs/TechCheckout/index.php on line 23
[04-Apr-2018 01:42:21 UTC] PHP Notice:  Undefined variable: url in /home/ubuntu/workspace/Labs/TechCheckout/inc/DBConnection.php on line 5
[04-Apr-2018 01:42:21 UTC] PHP Notice:  Use of undefined constant name - assumed 'name' in /home/ubuntu/workspace/Labs/TechCheckout/index.php on line 19
[04-Apr-2018 01:42:21 UTC] PHP Notice:  Use of undefined constant price - assumed 'price' in /home/ubuntu/workspace/Labs/TechCheckout/index.php on line 23
[04-Apr-2018 01:42:21 UTC] PHP Fatal error:  Uncaught PDOException: SQLSTATE[42S22]: Column not found: 1054 Unknown column 'name' in 'order clause' in /home/ubuntu/workspace/Labs/TechCheckout/index.php:31
Stack trace:
#0 /home/ubuntu/workspace/Labs/TechCheckout/index.php(31): PDOStatement->execute(Array)
#1 {main}
  thrown in /home/ubuntu/workspace/Labs/TechCheckout/index.php on line 31
[04-Apr-2018 01:43:05 UTC] PHP Notice:  Undefined variable: url in /home/ubuntu/workspace/Labs/TechCheckout/inc/DBConnection.php on line 5
[04-Apr-2018 01:43:05 UTC] PHP Notice:  Use of undefined constant name - assumed 'name' in /home/ubuntu/workspace/Labs/TechCheckout/index.php on line 19
[04-Apr-2018 01:43:05 UTC] PHP Notice:  Undefined variable: order in /home/ubuntu/workspace/Labs/TechCheckout/index.php on line 19
[04-Apr-2018 01:43:05 UTC] PHP Notice:  Use of undefined constant price - assumed 'price' in /home/ubuntu/workspace/Labs/TechCheckout/index.php on line 23
[04-Apr-2018 01:43:05 UTC] PHP Notice:  Undefined variable: order in /home/ubuntu/workspace/Labs/TechCheckout/index.php on line 23
[04-Apr-2018 01:43:08 UTC] PHP Notice:  Undefined index: sort in /home/ubuntu/workspace/Labs/TechCheckout/index.php on line 7
[04-Apr-2018 01:43:08 UTC] PHP Notice:  Undefined variable: url in /home/ubuntu/workspace/Labs/TechCheckout/inc/DBConnection.php on line 5
[04-Apr-2018 01:43:08 UTC] PHP Notice:  Use of undefined constant name - assumed 'name' in /home/ubuntu/workspace/Labs/TechCheckout/index.php on line 19
[04-Apr-2018 01:43:08 UTC] PHP Notice:  Use of undefined constant price - assumed 'price' in /home/ubuntu/workspace/Labs/TechCheckout/index.php on line 23
[04-Apr-2018 01:43:10 UTC] PHP Notice:  Undefined index: sort in /home/ubuntu/workspace/Labs/TechCheckout/index.php on line 7
[04-Apr-2018 01:43:10 UTC] PHP Notice:  Undefined variable: url in /home/ubuntu/workspace/Labs/TechCheckout/inc/DBConnection.php on line 5
[04-Apr-2018 01:43:10 UTC] PHP Notice:  Use of undefined constant name - assumed 'name' in /home/ubuntu/workspace/Labs/TechCheckout/index.php on line 19
[04-Apr-2018 01:43:10 UTC] PHP Notice:  Use of undefined constant price - assumed 'price' in /home/ubuntu/workspace/Labs/TechCheckout/index.php on line 23
[04-Apr-2018 01:43:11 UTC] PHP Notice:  Undefined index: sort in /home/ubuntu/workspace/Labs/TechCheckout/index.php on line 7
[04-Apr-2018 01:43:11 UTC] PHP Notice:  Undefined variable: url in /home/ubuntu/workspace/Labs/TechCheckout/inc/DBConnection.php on line 5
[04-Apr-2018 01:43:11 UTC] PHP Notice:  Use of undefined constant name - assumed 'name' in /home/ubuntu/workspace/Labs/TechCheckout/index.php on line 19
[04-Apr-2018 01:43:11 UTC] PHP Notice:  Use of undefined constant price - assumed 'price' in /home/ubuntu/workspace/Labs/TechCheckout/index.php on line 23
[04-Apr-2018 01:43:18 UTC] PHP Notice:  Undefined variable: url in /home/ubuntu/workspace/Labs/TechCheckout/inc/DBConnection.php on line 5
[04-Apr-2018 01:43:18 UTC] PHP Notice:  Use of undefined constant name - assumed 'name' in /home/ubuntu/workspace/Labs/TechCheckout/index.php on line 19
[04-Apr-2018 01:43:18 UTC] PHP Notice:  Use of undefined constant price - assumed 'price' in /home/ubuntu/workspace/Labs/TechCheckout/index.php on line 23
[04-Apr-2018 01:43:28 UTC] PHP Notice:  Undefined variable: url in /home/ubuntu/workspace/Labs/TechCheckout/inc/DBConnection.php on line 5
[04-Apr-2018 01:43:28 UTC] PHP Notice:  Use of undefined constant name - assumed 'name' in /home/ubuntu/workspace/Labs/TechCheckout/index.php on line 19
[04-Apr-2018 01:43:28 UTC] PHP Notice:  Use of undefined constant price - assumed 'price' in /home/ubuntu/workspace/Labs/TechCheckout/index.php on line 23
[04-Apr-2018 01:43:28 UTC] PHP Fatal error:  Uncaught PDOException: SQLSTATE[42S22]: Column not found: 1054 Unknown column 'name' in 'order clause' in /home/ubuntu/workspace/Labs/TechCheckout/index.php:31
Stack trace:
#0 /home/ubuntu/workspace/Labs/TechCheckout/index.php(31): PDOStatement->execute(Array)
#1 {main}
  thrown in /home/ubuntu/workspace/Labs/TechCheckout/index.php on line 31
[04-Apr-2018 01:43:39 UTC] PHP Notice:  Undefined variable: url in /home/ubuntu/workspace/Labs/TechCheckout/inc/DBConnection.php on line 5
[04-Apr-2018 01:43:39 UTC] PHP Notice:  Use of undefined constant name - assumed 'name' in /home/ubuntu/workspace/Labs/TechCheckout/index.php on line 19
[04-Apr-2018 01:43:39 UTC] PHP Notice:  Undefined variable: order in /home/ubuntu/workspace/Labs/TechCheckout/index.php on line 19
[04-Apr-2018 01:43:39 UTC] PHP Notice:  Use of undefined constant price - assumed 'price' in /home/ubuntu/workspace/Labs/TechCheckout/index.php on line 23
[04-Apr-2018 01:43:39 UTC] PHP Notice:  Undefined variable: order in /home/ubuntu/workspace/Labs/TechCheckout/index.php on line 23
[04-Apr-2018 01:44:00 UTC] PHP Notice:  Undefined variable: url in /home/ubuntu/workspace/Labs/TechCheckout/inc/DBConnection.php on line 5
[04-Apr-2018 01:44:00 UTC] PHP Notice:  Use of undefined constant name - assumed 'name' in /home/ubuntu/workspace/Labs/TechCheckout/index.php on line 19
[04-Apr-2018 01:44:00 UTC] PHP Notice:  Use of undefined constant price - assumed 'price' in /home/ubuntu/workspace/Labs/TechCheckout/index.php on line 23
[04-Apr-2018 01:44:04 UTC] PHP Notice:  Undefined index: sort in /home/ubuntu/workspace/Labs/TechCheckout/index.php on line 7
[04-Apr-2018 01:44:04 UTC] PHP Notice:  Undefined variable: url in /home/ubuntu/workspace/Labs/TechCheckout/inc/DBConnection.php on line 5
[04-Apr-2018 01:44:04 UTC] PHP Notice:  Use of undefined constant name - assumed 'name' in /home/ubuntu/workspace/Labs/TechCheckout/index.php on line 19
[04-Apr-2018 01:44:04 UTC] PHP Notice:  Use of undefined constant price - assumed 'price' in /home/ubuntu/workspace/Labs/TechCheckout/index.php on line 23
